TN:
SF:src/components/BreadCrumbs.tsx
FN:6,HomeHeader
FN:17,TransactionHistory
FN:28,LoanManagement
FN:39,BreadCrumbs
FNF:4
FNH:3
FNDA:2,HomeHeader
FNDA:0,TransactionHistory
FNDA:1,LoanManagement
FNDA:4,BreadCrumbs
DA:1,1
DA:2,1
DA:3,1
DA:4,1
DA:5,1
DA:6,2
DA:7,2
DA:8,2
DA:9,2
DA:10,2
DA:11,2
DA:12,2
DA:13,2
DA:14,2
DA:15,2
DA:16,1
DA:17,0
DA:18,0
DA:19,0
DA:20,0
DA:21,0
DA:22,0
DA:23,0
DA:24,0
DA:25,0
DA:26,0
DA:27,1
DA:28,1
DA:29,1
DA:30,1
DA:31,1
DA:32,1
DA:33,1
DA:34,1
DA:35,1
DA:36,1
DA:37,1
DA:38,1
DA:39,4
DA:40,4
DA:41,4
DA:42,4
DA:43,4
DA:44,4
DA:45,4
DA:46,2
DA:47,2
DA:48,4
DA:49,0
DA:50,0
DA:51,4
DA:52,1
DA:53,1
DA:54,4
DA:55,4
DA:56,4
DA:57,4
DA:58,4
DA:59,4
DA:60,1
DA:61,1
LF:61
LH:49
BRDA:6,0,0,2
BRDA:28,1,0,1
BRDA:39,2,0,4
BRDA:45,3,0,2
BRDA:48,4,0,0
BRDA:51,5,0,1
BRDA:54,6,0,1
BRF:7
BRH:6
end_of_record
TN:
SF:src/components/Header.tsx
FN:9,Header
FNF:1
FNH:1
FNDA:4,Header
DA:1,1
DA:2,1
DA:3,1
DA:4,1
DA:5,1
DA:6,1
DA:7,1
DA:8,1
DA:9,1
DA:10,4
DA:11,4
DA:12,4
DA:13,4
DA:14,4
DA:15,4
DA:16,4
DA:17,4
DA:18,4
DA:19,4
DA:20,4
DA:21,4
DA:22,4
DA:23,4
DA:24,4
DA:25,4
DA:26,4
DA:27,1
DA:28,1
LF:28
LH:28
BRDA:9,0,0,4
BRF:1
BRH:1
end_of_record
TN:
SF:src/components/Sidebar.tsx
FN:14,Sidebar
FNF:1
FNH:1
FNDA:5,Sidebar
DA:1,1
DA:2,1
DA:3,1
DA:4,1
DA:5,1
DA:6,1
DA:7,1
DA:8,1
DA:9,1
DA:10,1
DA:11,1
DA:12,1
DA:13,1
DA:14,1
DA:15,5
DA:16,5
DA:17,5
DA:18,5
DA:19,5
DA:20,5
DA:21,5
DA:22,5
DA:23,5
DA:24,5
DA:25,5
DA:26,5
DA:27,5
DA:28,5
DA:29,5
DA:30,5
DA:31,5
DA:32,5
DA:33,5
DA:34,5
DA:35,5
DA:36,5
DA:37,5
DA:38,5
DA:39,5
DA:40,5
DA:41,5
DA:42,5
DA:43,5
DA:44,5
DA:45,5
DA:46,5
DA:47,5
DA:48,5
DA:49,5
DA:50,5
DA:51,5
DA:52,5
DA:53,5
DA:54,5
DA:55,5
DA:56,5
DA:57,5
DA:58,5
DA:59,15
DA:60,5
DA:61,5
DA:62,5
DA:63,5
DA:64,5
DA:65,10
DA:66,5
DA:67,5
DA:68,5
DA:69,5
DA:70,5
DA:71,5
DA:72,5
DA:73,5
DA:74,5
DA:75,5
DA:76,5
DA:77,5
DA:78,1
DA:79,1
LF:79
LH:79
BRDA:14,0,0,5
BRDA:28,1,0,0
BRDA:35,2,0,0
BRDA:58,3,0,15
BRDA:64,4,0,5
BRDA:64,5,0,10
BRF:6
BRH:4
end_of_record
